C:\USERS\STEVEN\DROPBOX\PROGRAMMIERUNG\TEACHERSDREAM\PROJEKT\SORTCMODEL\MODEL\DEBUG\ALGORITHM.OBJ
C:\USERS\STEVEN\DROPBOX\PROGRAMMIERUNG\TEACHERSDREAM\PROJEKT\SORTCMODEL\MODEL\DEBUG\MODEL.OBJ
C:\USERS\STEVEN\DROPBOX\PROGRAMMIERUNG\TEACHERSDREAM\PROJEKT\SORTCMODEL\MODEL\DEBUG\STDAFX.OBJ
C:\USERS\STEVEN\DROPBOX\PROGRAMMIERUNG\TEACHERSDREAM\PROJEKT\SORTCMODEL\MODEL\DEBUG\VC110.PDB
C:\USERS\STEVEN\DROPBOX\PROGRAMMIERUNG\TEACHERSDREAM\PROJEKT\SORTCMODEL\DEBUG\MODEL.ILK
C:\USERS\STEVEN\DROPBOX\PROGRAMMIERUNG\TEACHERSDREAM\PROJEKT\SORTCMODEL\DEBUG\MODEL.EXE
C:\USERS\STEVEN\DROPBOX\PROGRAMMIERUNG\TEACHERSDREAM\PROJEKT\SORTCMODEL\DEBUG\MODEL.PDB
C:\Users\Steven\Documents\GitHub\SortC-Model\SortCModel\Model\Debug\Algorithm.obj
C:\Users\Steven\Documents\GitHub\SortC-Model\SortCModel\Model\Debug\Model.obj
C:\Users\Steven\Documents\GitHub\SortC-Model\SortCModel\Model\Debug\stdafx.obj
C:\Users\Steven\Documents\GitHub\SortC-Model\SortCModel\Model\Debug\cl.command.1.tlog
C:\Users\Steven\Documents\GitHub\SortC-Model\SortCModel\Model\Debug\CL.read.1.tlog
C:\Users\Steven\Documents\GitHub\SortC-Model\SortCModel\Model\Debug\CL.write.1.tlog
C:\Users\Steven\Documents\GitHub\SortC-Model\SortCModel\Model\Debug\link-cvtres.read.1.tlog
C:\Users\Steven\Documents\GitHub\SortC-Model\SortCModel\Model\Debug\link-cvtres.write.1.tlog
C:\Users\Steven\Documents\GitHub\SortC-Model\SortCModel\Model\Debug\link-rc.read.1.tlog
C:\Users\Steven\Documents\GitHub\SortC-Model\SortCModel\Model\Debug\link-rc.write.1.tlog
C:\Users\Steven\Documents\GitHub\SortC-Model\SortCModel\Model\Debug\link.command.1.tlog
C:\Users\Steven\Documents\GitHub\SortC-Model\SortCModel\Model\Debug\link.read.1.tlog
C:\Users\Steven\Documents\GitHub\SortC-Model\SortCModel\Model\Debug\link.write.1.tlog
C:\Users\Steven\Documents\GitHub\SortC-Model\SortCModel\Model\Debug\vc110.idb
C:\Users\Steven\Documents\GitHub\SortC-Model\SortCModel\Model\Debug\vc110.pdb
C:\Users\Steven\Documents\GitHub\SortC-Model\SortCModel\Debug\Model.pdb
C:\Users\Steven\Documents\GitHub\SortC-Model\SortCModel\Debug\Model.exe
C:\Users\Steven\Documents\GitHub\SortC-Model\SortCModel\Debug\Model.ilk
